# JRE version: OpenJDK Runtime Environment (8.0_152-b01) (build 1.8.0_152-release-1343-b01)
# Java VM: OpenJDK 64-Bit Server VM (25.152-b01 mixed mode windows-amd64 compressed oops)
Heap:
 PSYoungGen      total 109568K, used 67589K [0x00000000e0000000, 0x00000000e9b00000, 0x0000000100000000)
  eden space 72192K, 89% used [0x00000000e0000000,0x00000000e3ec6ed8,0x00000000e4680000)
  from space 37376K, 8% used [0x00000000e4680000,0x00000000e49ba7a0,0x00000000e6b00000)
  to   space 36864K, 0% used [0x00000000e7700000,0x00000000e7700000,0x00000000e9b00000)
 ParOldGen       total 80384K, used 42304K [0x00000000a0000000, 0x00000000a4e80000, 0x00000000e0000000)
  object space 80384K, 52% used [0x00000000a0000000,0x00000000a29501b0,0x00000000a4e80000)
 Metaspace       used 92003K, capacity 94822K, committed 96600K, reserved 1134592K
  class space    used 11452K, capacity 12035K, committed 12416K, reserved 1048576K
GC Heap History (10 events):
Event: 4334.009 GC heap before
{Heap before GC invocations=47 (full 3):
 PSYoungGen      total 90624K, used 71218K [0x00000000e0000000, 0x00000000e8480000, 0x0000000100000000)
  eden space 51712K, 100% used [0x00000000e0000000,0x00000000e3280000,0x00000000e3280000)
  from space 38912K, 50% used [0x00000000e3280000,0x00000000e458c828,0x00000000e5880000)
  to   space 37376K, 0% used [0x00000000e6000000,0x00000000e6000000,0x00000000e8480000)
 ParOldGen       total 80384K, used 59119K [0x00000000a0000000, 0x00000000a4e80000, 0x00000000e0000000)
  object space 80384K, 73% used [0x00000000a0000000,0x00000000a39bbea8,0x00000000a4e80000)
 Metaspace       used 91918K, capacity 95554K, committed 95704K, reserved 1132544K
  class space    used 11512K, capacity 12219K, committed 12288K, reserved 1048576K
Event: 4334.091 GC heap after
Heap after GC invocations=47 (full 3):
 PSYoungGen      total 98304K, used 10401K [0x00000000e0000000, 0x00000000e8400000, 0x0000000100000000)
  eden space 61440K, 0% used [0x00000000e0000000,0x00000000e0000000,0x00000000e3c00000)
  from space 36864K, 28% used [0x00000000e6000000,0x00000000e6a28670,0x00000000e8400000)
  to   space 36864K, 0% used [0x00000000e3c00000,0x00000000e3c00000,0x00000000e6000000)
 ParOldGen       total 80384K, used 68519K [0x00000000a0000000, 0x00000000a4e80000, 0x00000000e0000000)
  object space 80384K, 85% used [0x00000000a0000000,0x00000000a42e9c40,0x00000000a4e80000)
 Metaspace       used 91918K, capacity 95554K, committed 95704K, reserved 1132544K
  class space    used 11512K, capacity 12219K, committed 12288K, reserved 1048576K
}
Event: 4334.693 GC heap before
{Heap before GC invocations=48 (full 3):
 PSYoungGen      total 98304K, used 71841K [0x00000000e0000000, 0x00000000e8400000, 0x0000000100000000)
  eden space 61440K, 100% used [0x00000000e0000000,0x00000000e3c00000,0x00000000e3c00000)
  from space 36864K, 28% used [0x00000000e6000000,0x00000000e6a28670,0x00000000e8400000)
  to   space 36864K, 0% used [0x00000000e3c00000,0x00000000e3c00000,0x00000000e6000000)
 ParOldGen       total 80384K, used 68519K [0x00000000a0000000, 0x00000000a4e80000, 0x00000000e0000000)
  object space 80384K, 85% used [0x00000000a0000000,0x00000000a42e9c40,0x00000000a4e80000)
 Metaspace       used 92182K, capacity 95802K, committed 95960K, reserved 1132544K
  class space    used 11548K, capacity 12253K, committed 12288K, reserved 1048576K
Event: 4334.723 GC heap after
Heap after GC invocations=48 (full 3):
 PSYoungGen      total 98304K, used 7502K [0x00000000e0000000, 0x00000000e8f00000, 0x0000000100000000)
  eden space 61440K, 0% used [0x00000000e0000000,0x00000000e0000000,0x00000000e3c00000)
  from space 36864K, 20% used [0x00000000e3c00000,0x00000000e4353928,0x00000000e6000000)
  to   space 36864K, 0% used [0x00000000e6b00000,0x00000000e6b00000,0x00000000e8f00000)
 ParOldGen       total 80384K, used 71856K [0x00000000a0000000, 0x00000000a4e80000, 0x00000000e0000000)
  object space 80384K, 89% used [0x00000000a0000000,0x00000000a462c3a8,0x00000000a4e80000)
 Metaspace       used 92182K, capacity 95802K, committed 95960K, reserved 1132544K
  class space    used 11548K, capacity 12253K, committed 12288K, reserved 1048576K
}
Event: 4334.755 GC heap before
{Heap before GC invocations=49 (full 4):
 PSYoungGen      total 98304K, used 7502K [0x00000000e0000000, 0x00000000e8f00000, 0x0000000100000000)
  eden space 61440K, 0% used [0x00000000e0000000,0x00000000e0000000,0x00000000e3c00000)
  from space 36864K, 20% used [0x00000000e3c00000,0x00000000e4353928,0x00000000e6000000)
  to   space 36864K, 0% used [0x00000000e6b00000,0x00000000e6b00000,0x00000000e8f00000)
 ParOldGen       total 80384K, used 71856K [0x00000000a0000000, 0x00000000a4e80000, 0x00000000e0000000)
  object space 80384K, 89% used [0x00000000a0000000,0x00000000a462c3a8,0x00000000a4e80000)
 Metaspace       used 92182K, capacity 95802K, committed 95960K, reserved 1132544K
  class space    used 11548K, capacity 12253K, committed 12288K, reserved 1048576K
Event: 4335.642 GC heap after
Heap after GC invocations=49 (full 4):
 PSYoungGen      total 98304K, used 0K [0x00000000e0000000, 0x00000000e8f00000, 0x0000000100000000)
  eden space 61440K, 0% used [0x00000000e0000000,0x00000000e0000000,0x00000000e3c00000)
  from space 36864K, 0% used [0x00000000e3c00000,0x00000000e3c00000,0x00000000e6000000)
  to   space 36864K, 0% used [0x00000000e6b00000,0x00000000e6b00000,0x00000000e8f00000)
 ParOldGen       total 80384K, used 42296K [0x00000000a0000000, 0x00000000a4e80000, 0x00000000e0000000)
  object space 80384K, 52% used [0x00000000a0000000,0x00000000a294e1b0,0x00000000a4e80000)
 Metaspace       used 90888K, capacity 93412K, committed 95960K, reserved 1132544K
  class space    used 11317K, capacity 11866K, committed 12288K, reserved 1048576K
}
Event: 4336.457 GC heap before
{Heap before GC invocations=50 (full 4):
 PSYoungGen      total 98304K, used 61440K [0x00000000e0000000, 0x00000000e8f00000, 0x0000000100000000)
  eden space 61440K, 100% used [0x00000000e0000000,0x00000000e3c00000,0x00000000e3c00000)
  from space 36864K, 0% used [0x00000000e3c00000,0x00000000e3c00000,0x00000000e6000000)
  to   space 36864K, 0% used [0x00000000e6b00000,0x00000000e6b00000,0x00000000e8f00000)
 ParOldGen       total 80384K, used 42296K [0x00000000a0000000, 0x00000000a4e80000, 0x00000000e0000000)
  object space 80384K, 52% used [0x00000000a0000000,0x00000000a294e1b0,0x00000000a4e80000)
 Metaspace       used 90888K, capacity 93412K, committed 95960K, reserved 1132544K
  class space    used 11317K, capacity 11866K, committed 12288K, reserved 1048576K
Event: 4336.475 GC heap after
Heap after GC invocations=50 (full 4):
 PSYoungGen      total 109056K, used 1408K [0x00000000e0000000, 0x00000000e9000000, 0x0000000100000000)
  eden space 72192K, 0% used [0x00000000e0000000,0x00000000e0000000,0x00000000e4680000)
  from space 36864K, 3% used [0x00000000e6b00000,0x00000000e6c60000,0x00000000e8f00000)
  to   space 37376K, 0% used [0x00000000e4680000,0x00000000e4680000,0x00000000e6b00000)
 ParOldGen       total 80384K, used 42296K [0x00000000a0000000, 0x00000000a4e80000, 0x00000000e0000000)
  object space 80384K, 52% used [0x00000000a0000000,0x00000000a294e1b0,0x00000000a4e80000)
 Metaspace       used 90888K, capacity 93412K, committed 95960K, reserved 1132544K
  class space    used 11317K, capacity 11866K, committed 12288K, reserved 1048576K
}
Event: 4338.283 GC heap before
{Heap before GC invocations=51 (full 4):
 PSYoungGen      total 109056K, used 73600K [0x00000000e0000000, 0x00000000e9000000, 0x0000000100000000)
  eden space 72192K, 100% used [0x00000000e0000000,0x00000000e4680000,0x00000000e4680000)
  from space 36864K, 3% used [0x00000000e6b00000,0x00000000e6c60000,0x00000000e8f00000)
  to   space 37376K, 0% used [0x00000000e4680000,0x00000000e4680000,0x00000000e6b00000)
 ParOldGen       total 80384K, used 42296K [0x00000000a0000000, 0x00000000a4e80000, 0x00000000e0000000)
  object space 80384K, 52% used [0x00000000a0000000,0x00000000a294e1b0,0x00000000a4e80000)
 Metaspace       used 91964K, capacity 94814K, committed 96600K, reserved 1134592K
  class space    used 11450K, capacity 12033K, committed 12416K, reserved 1048576K
Event: 4338.303 GC heap after
Heap after GC invocations=51 (full 4):
 PSYoungGen      total 109568K, used 3305K [0x00000000e0000000, 0x00000000e9b00000, 0x0000000100000000)
  eden space 72192K, 0% used [0x00000000e0000000,0x00000000e0000000,0x00000000e4680000)
  from space 37376K, 8% used [0x00000000e4680000,0x00000000e49ba7a0,0x00000000e6b00000)
  to   space 36864K, 0% used [0x00000000e7700000,0x00000000e7700000,0x00000000e9b00000)
 ParOldGen       total 80384K, used 42304K [0x00000000a0000000, 0x00000000a4e80000, 0x00000000e0000000)
  object space 80384K, 52% used [0x00000000a0000000,0x00000000a29501b0,0x00000000a4e80000)
 Metaspace       used 91964K, capacity 94814K, committed 96600K, reserved 1134592K
  class space    used 11450K, capacity 12033K, committed 12416K, reserved 1048576K
}

