# JRE version: OpenJDK Runtime Environment (8.0_152-b01) (build 1.8.0_152-release-1343-b01)
# Java VM: OpenJDK 64-Bit Server VM (25.152-b01 mixed mode windows-amd64 compressed oops)
Heap:
 PSYoungGen      total 168960K, used 77797K [0x00000000e0000000, 0x00000000ed780000, 0x0000000100000000)
  eden space 141312K, 40% used [0x00000000e0000000,0x00000000e3808218,0x00000000e8a00000)
  from space 27648K, 73% used [0x00000000e8a00000,0x00000000e9df1308,0x00000000ea500000)
  to   space 29696K, 0% used [0x00000000eba80000,0x00000000eba80000,0x00000000ed780000)
 ParOldGen       total 91136K, used 56251K [0x00000000a0000000, 0x00000000a5900000, 0x00000000e0000000)
  object space 91136K, 61% used [0x00000000a0000000,0x00000000a36eef00,0x00000000a5900000)
 Metaspace       used 104423K, capacity 110490K, committed 110720K, reserved 1146880K
  class space    used 12890K, capacity 13822K, committed 13952K, reserved 1048576K
GC Heap History (10 events):
Event: 3435.196 GC heap before
{Heap before GC invocations=85 (full 4):
 PSYoungGen      total 147456K, used 139335K [0x00000000e0000000, 0x00000000eb680000, 0x0000000100000000)
  eden space 117248K, 100% used [0x00000000e0000000,0x00000000e7280000,0x00000000e7280000)
  from space 30208K, 73% used [0x00000000e9300000,0x00000000ea891f18,0x00000000eb080000)
  to   space 33280K, 0% used [0x00000000e7280000,0x00000000e7280000,0x00000000e9300000)
 ParOldGen       total 91136K, used 51217K [0x00000000a0000000, 0x00000000a5900000, 0x00000000e0000000)
  object space 91136K, 56% used [0x00000000a0000000,0x00000000a3204430,0x00000000a5900000)
 Metaspace       used 103334K, capacity 109246K, committed 109440K, reserved 1144832K
  class space    used 12865K, capacity 13806K, committed 13952K, reserved 1048576K
Event: 3435.254 GC heap after
Heap after GC invocations=85 (full 4):
 PSYoungGen      total 150528K, used 14047K [0x00000000e0000000, 0x00000000eb980000, 0x0000000100000000)
  eden space 117248K, 0% used [0x00000000e0000000,0x00000000e0000000,0x00000000e7280000)
  from space 33280K, 42% used [0x00000000e7280000,0x00000000e8037fb0,0x00000000e9300000)
  to   space 32256K, 0% used [0x00000000e9a00000,0x00000000e9a00000,0x00000000eb980000)
 ParOldGen       total 91136K, used 51225K [0x00000000a0000000, 0x00000000a5900000, 0x00000000e0000000)
  object space 91136K, 56% used [0x00000000a0000000,0x00000000a3206430,0x00000000a5900000)
 Metaspace       used 103334K, capacity 109246K, committed 109440K, reserved 1144832K
  class space    used 12865K, capacity 13806K, committed 13952K, reserved 1048576K
}
Event: 3438.362 GC heap before
{Heap before GC invocations=86 (full 4):
 PSYoungGen      total 150528K, used 131295K [0x00000000e0000000, 0x00000000eb980000, 0x0000000100000000)
  eden space 117248K, 100% used [0x00000000e0000000,0x00000000e7280000,0x00000000e7280000)
  from space 33280K, 42% used [0x00000000e7280000,0x00000000e8037fb0,0x00000000e9300000)
  to   space 32256K, 0% used [0x00000000e9a00000,0x00000000e9a00000,0x00000000eb980000)
 ParOldGen       total 91136K, used 51225K [0x00000000a0000000, 0x00000000a5900000, 0x00000000e0000000)
  object space 91136K, 56% used [0x00000000a0000000,0x00000000a3206430,0x00000000a5900000)
 Metaspace       used 104142K, capacity 110186K, committed 110464K, reserved 1146880K
  class space    used 12886K, capacity 13818K, committed 13952K, reserved 1048576K
Event: 3438.395 GC heap after
Heap after GC invocations=86 (full 4):
 PSYoungGen      total 157696K, used 12908K [0x00000000e0000000, 0x00000000eb880000, 0x0000000100000000)
  eden space 126464K, 0% used [0x00000000e0000000,0x00000000e0000000,0x00000000e7b80000)
  from space 31232K, 41% used [0x00000000e9a00000,0x00000000ea69b040,0x00000000eb880000)
  to   space 31232K, 0% used [0x00000000e7b80000,0x00000000e7b80000,0x00000000e9a00000)
 ParOldGen       total 91136K, used 51225K [0x00000000a0000000, 0x00000000a5900000, 0x00000000e0000000)
  object space 91136K, 56% used [0x00000000a0000000,0x00000000a3206430,0x00000000a5900000)
 Metaspace       used 104142K, capacity 110186K, committed 110464K, reserved 1146880K
  class space    used 12886K, capacity 13818K, committed 13952K, reserved 1048576K
}
Event: 3439.480 GC heap before
{Heap before GC invocations=87 (full 4):
 PSYoungGen      total 157696K, used 139372K [0x00000000e0000000, 0x00000000eb880000, 0x0000000100000000)
  eden space 126464K, 100% used [0x00000000e0000000,0x00000000e7b80000,0x00000000e7b80000)
  from space 31232K, 41% used [0x00000000e9a00000,0x00000000ea69b040,0x00000000eb880000)
  to   space 31232K, 0% used [0x00000000e7b80000,0x00000000e7b80000,0x00000000e9a00000)
 ParOldGen       total 91136K, used 51225K [0x00000000a0000000, 0x00000000a5900000, 0x00000000e0000000)
  object space 91136K, 56% used [0x00000000a0000000,0x00000000a3206430,0x00000000a5900000)
 Metaspace       used 104252K, capacity 110262K, committed 110464K, reserved 1146880K
  class space    used 12886K, capacity 13818K, committed 13952K, reserved 1048576K
Event: 3439.521 GC heap after
Heap after GC invocations=87 (full 4):
 PSYoungGen      total 157696K, used 9915K [0x00000000e0000000, 0x00000000ec180000, 0x0000000100000000)
  eden space 126464K, 0% used [0x00000000e0000000,0x00000000e0000000,0x00000000e7b80000)
  from space 31232K, 31% used [0x00000000e7b80000,0x00000000e852ef48,0x00000000e9a00000)
  to   space 29184K, 0% used [0x00000000ea500000,0x00000000ea500000,0x00000000ec180000)
 ParOldGen       total 91136K, used 51225K [0x00000000a0000000, 0x00000000a5900000, 0x00000000e0000000)
  object space 91136K, 56% used [0x00000000a0000000,0x00000000a3206430,0x00000000a5900000)
 Metaspace       used 104252K, capacity 110262K, committed 110464K, reserved 1146880K
  class space    used 12886K, capacity 13818K, committed 13952K, reserved 1048576K
}
Event: 3440.512 GC heap before
{Heap before GC invocations=88 (full 4):
 PSYoungGen      total 157696K, used 136379K [0x00000000e0000000, 0x00000000ec180000, 0x0000000100000000)
  eden space 126464K, 100% used [0x00000000e0000000,0x00000000e7b80000,0x00000000e7b80000)
  from space 31232K, 31% used [0x00000000e7b80000,0x00000000e852ef48,0x00000000e9a00000)
  to   space 29184K, 0% used [0x00000000ea500000,0x00000000ea500000,0x00000000ec180000)
 ParOldGen       total 91136K, used 51225K [0x00000000a0000000, 0x00000000a5900000, 0x00000000e0000000)
  object space 91136K, 56% used [0x00000000a0000000,0x00000000a3206430,0x00000000a5900000)
 Metaspace       used 104299K, capacity 110334K, committed 110720K, reserved 1146880K
  class space    used 12886K, capacity 13818K, committed 13952K, reserved 1048576K
Event: 3440.546 GC heap after
Heap after GC invocations=88 (full 4):
 PSYoungGen      total 169984K, used 8395K [0x00000000e0000000, 0x00000000ec100000, 0x0000000100000000)
  eden space 141312K, 0% used [0x00000000e0000000,0x00000000e0000000,0x00000000e8a00000)
  from space 28672K, 29% used [0x00000000ea500000,0x00000000ead32d20,0x00000000ec100000)
  to   space 27648K, 0% used [0x00000000e8a00000,0x00000000e8a00000,0x00000000ea500000)
 ParOldGen       total 91136K, used 52887K [0x00000000a0000000, 0x00000000a5900000, 0x00000000e0000000)
  object space 91136K, 58% used [0x00000000a0000000,0x00000000a33a5f48,0x00000000a5900000)
 Metaspace       used 104299K, capacity 110334K, committed 110720K, reserved 1146880K
  class space    used 12886K, capacity 13818K, committed 13952K, reserved 1048576K
}
Event: 3442.601 GC heap before
{Heap before GC invocations=89 (full 4):
 PSYoungGen      total 169984K, used 149707K [0x00000000e0000000, 0x00000000ec100000, 0x0000000100000000)
  eden space 141312K, 100% used [0x00000000e0000000,0x00000000e8a00000,0x00000000e8a00000)
  from space 28672K, 29% used [0x00000000ea500000,0x00000000ead32d20,0x00000000ec100000)
  to   space 27648K, 0% used [0x00000000e8a00000,0x00000000e8a00000,0x00000000ea500000)
 ParOldGen       total 91136K, used 52887K [0x00000000a0000000, 0x00000000a5900000, 0x00000000e0000000)
  object space 91136K, 58% used [0x00000000a0000000,0x00000000a33a5f48,0x00000000a5900000)
 Metaspace       used 104356K, capacity 110402K, committed 110720K, reserved 1146880K
  class space    used 12886K, capacity 13818K, committed 13952K, reserved 1048576K
Event: 3442.700 GC heap after
Heap after GC invocations=89 (full 4):
 PSYoungGen      total 168960K, used 20420K [0x00000000e0000000, 0x00000000ed780000, 0x0000000100000000)
  eden space 141312K, 0% used [0x00000000e0000000,0x00000000e0000000,0x00000000e8a00000)
  from space 27648K, 73% used [0x00000000e8a00000,0x00000000e9df1308,0x00000000ea500000)
  to   space 29696K, 0% used [0x00000000eba80000,0x00000000eba80000,0x00000000ed780000)
 ParOldGen       total 91136K, used 56251K [0x00000000a0000000, 0x00000000a5900000, 0x00000000e0000000)
  object space 91136K, 61% used [0x00000000a0000000,0x00000000a36eef00,0x00000000a5900000)
 Metaspace       used 104356K, capacity 110402K, committed 110720K, reserved 1146880K
  class space    used 12886K, capacity 13818K, committed 13952K, reserved 1048576K
}

