# JRE version: OpenJDK Runtime Environment (8.0_152-b01) (build 1.8.0_152-release-1343-b01)
# Java VM: OpenJDK 64-Bit Server VM (25.152-b01 mixed mode windows-amd64 compressed oops)
Heap:
 PSYoungGen      total 134656K, used 64811K [0x00000000e0000000, 0x00000000ea180000, 0x0000000100000000)
  eden space 107008K, 48% used [0x00000000e0000000,0x00000000e3261e48,0x00000000e6880000)
  from space 27648K, 47% used [0x00000000e8680000,0x00000000e9369080,0x00000000ea180000)
  to   space 29184K, 0% used [0x00000000e6880000,0x00000000e6880000,0x00000000e8500000)
 ParOldGen       total 101376K, used 42282K [0x00000000a0000000, 0x00000000a6300000, 0x00000000e0000000)
  object space 101376K, 41% used [0x00000000a0000000,0x00000000a294ab68,0x00000000a6300000)
 Metaspace       used 82143K, capacity 85384K, committed 85528K, reserved 1124352K
  class space    used 10626K, capacity 11285K, committed 11288K, reserved 1048576K
GC Heap History (10 events):
Event: 125.331 GC heap before
{Heap before GC invocations=43 (full 4):
 PSYoungGen      total 108544K, used 108520K [0x00000000e0000000, 0x00000000e8e00000, 0x0000000100000000)
  eden space 84992K, 100% used [0x00000000e0000000,0x00000000e5300000,0x00000000e5300000)
  from space 23552K, 99% used [0x00000000e7700000,0x00000000e8dfa3f0,0x00000000e8e00000)
  to   space 24064K, 0% used [0x00000000e5300000,0x00000000e5300000,0x00000000e6a80000)
 ParOldGen       total 108544K, used 79835K [0x00000000a0000000, 0x00000000a6a00000, 0x00000000e0000000)
  object space 108544K, 73% used [0x00000000a0000000,0x00000000a4df6eb8,0x00000000a6a00000)
 Metaspace       used 75205K, capacity 77924K, committed 78104K, reserved 1116160K
  class space    used 9846K, capacity 10401K, committed 10520K, reserved 1048576K
Event: 125.391 GC heap after
Heap after GC invocations=43 (full 4):
 PSYoungGen      total 109056K, used 5483K [0x00000000e0000000, 0x00000000e9e00000, 0x0000000100000000)
  eden space 84992K, 0% used [0x00000000e0000000,0x00000000e0000000,0x00000000e5300000)
  from space 24064K, 22% used [0x00000000e5300000,0x00000000e585aeb8,0x00000000e6a80000)
  to   space 31232K, 0% used [0x00000000e7f80000,0x00000000e7f80000,0x00000000e9e00000)
 ParOldGen       total 108544K, used 103232K [0x00000000a0000000, 0x00000000a6a00000, 0x00000000e0000000)
  object space 108544K, 95% used [0x00000000a0000000,0x00000000a64d03e8,0x00000000a6a00000)
 Metaspace       used 75205K, capacity 77924K, committed 78104K, reserved 1116160K
  class space    used 9846K, capacity 10401K, committed 10520K, reserved 1048576K
}
Event: 125.391 GC heap before
{Heap before GC invocations=44 (full 5):
 PSYoungGen      total 109056K, used 5483K [0x00000000e0000000, 0x00000000e9e00000, 0x0000000100000000)
  eden space 84992K, 0% used [0x00000000e0000000,0x00000000e0000000,0x00000000e5300000)
  from space 24064K, 22% used [0x00000000e5300000,0x00000000e585aeb8,0x00000000e6a80000)
  to   space 31232K, 0% used [0x00000000e7f80000,0x00000000e7f80000,0x00000000e9e00000)
 ParOldGen       total 108544K, used 103232K [0x00000000a0000000, 0x00000000a6a00000, 0x00000000e0000000)
  object space 108544K, 95% used [0x00000000a0000000,0x00000000a64d03e8,0x00000000a6a00000)
 Metaspace       used 75205K, capacity 77924K, committed 78104K, reserved 1116160K
  class space    used 9846K, capacity 10401K, committed 10520K, reserved 1048576K
Event: 125.536 GC heap after
Heap after GC invocations=44 (full 5):
 PSYoungGen      total 109056K, used 0K [0x00000000e0000000, 0x00000000e9e00000, 0x0000000100000000)
  eden space 84992K, 0% used [0x00000000e0000000,0x00000000e0000000,0x00000000e5300000)
  from space 24064K, 0% used [0x00000000e5300000,0x00000000e5300000,0x00000000e6a80000)
  to   space 31232K, 0% used [0x00000000e7f80000,0x00000000e7f80000,0x00000000e9e00000)
 ParOldGen       total 101376K, used 39325K [0x00000000a0000000, 0x00000000a6300000, 0x00000000e0000000)
  object space 101376K, 38% used [0x00000000a0000000,0x00000000a26677e8,0x00000000a6300000)
 Metaspace       used 75198K, capacity 77904K, committed 78104K, reserved 1116160K
  class space    used 9843K, capacity 10397K, committed 10520K, reserved 1048576K
}
Event: 130.041 GC heap before
{Heap before GC invocations=45 (full 5):
 PSYoungGen      total 109056K, used 84992K [0x00000000e0000000, 0x00000000e9e00000, 0x0000000100000000)
  eden space 84992K, 100% used [0x00000000e0000000,0x00000000e5300000,0x00000000e5300000)
  from space 24064K, 0% used [0x00000000e5300000,0x00000000e5300000,0x00000000e6a80000)
  to   space 31232K, 0% used [0x00000000e7f80000,0x00000000e7f80000,0x00000000e9e00000)
 ParOldGen       total 101376K, used 39325K [0x00000000a0000000, 0x00000000a6300000, 0x00000000e0000000)
  object space 101376K, 38% used [0x00000000a0000000,0x00000000a26677e8,0x00000000a6300000)
 Metaspace       used 75804K, capacity 78588K, committed 78616K, reserved 1118208K
  class space    used 9934K, capacity 10511K, committed 10520K, reserved 1048576K
Event: 130.048 GC heap after
Heap after GC invocations=45 (full 5):
 PSYoungGen      total 125440K, used 1901K [0x00000000e0000000, 0x00000000e9b00000, 0x0000000100000000)
  eden space 97280K, 0% used [0x00000000e0000000,0x00000000e0000000,0x00000000e5f00000)
  from space 28160K, 6% used [0x00000000e7f80000,0x00000000e815b4d0,0x00000000e9b00000)
  to   space 30720K, 0% used [0x00000000e5f00000,0x00000000e5f00000,0x00000000e7d00000)
 ParOldGen       total 101376K, used 39333K [0x00000000a0000000, 0x00000000a6300000, 0x00000000e0000000)
  object space 101376K, 38% used [0x00000000a0000000,0x00000000a26697e8,0x00000000a6300000)
 Metaspace       used 75804K, capacity 78588K, committed 78616K, reserved 1118208K
  class space    used 9934K, capacity 10511K, committed 10520K, reserved 1048576K
}
Event: 134.908 GC heap before
{Heap before GC invocations=46 (full 5):
 PSYoungGen      total 125440K, used 99181K [0x00000000e0000000, 0x00000000e9b00000, 0x0000000100000000)
  eden space 97280K, 100% used [0x00000000e0000000,0x00000000e5f00000,0x00000000e5f00000)
  from space 28160K, 6% used [0x00000000e7f80000,0x00000000e815b4d0,0x00000000e9b00000)
  to   space 30720K, 0% used [0x00000000e5f00000,0x00000000e5f00000,0x00000000e7d00000)
 ParOldGen       total 101376K, used 39333K [0x00000000a0000000, 0x00000000a6300000, 0x00000000e0000000)
  object space 101376K, 38% used [0x00000000a0000000,0x00000000a26697e8,0x00000000a6300000)
 Metaspace       used 78613K, capacity 81766K, committed 81944K, reserved 1120256K
  class space    used 10388K, capacity 11014K, committed 11032K, reserved 1048576K
Event: 134.927 GC heap after
Heap after GC invocations=46 (full 5):
 PSYoungGen      total 128000K, used 4017K [0x00000000e0000000, 0x00000000ea380000, 0x0000000100000000)
  eden space 97280K, 0% used [0x00000000e0000000,0x00000000e0000000,0x00000000e5f00000)
  from space 30720K, 13% used [0x00000000e5f00000,0x00000000e62ec5b8,0x00000000e7d00000)
  to   space 29696K, 0% used [0x00000000e8680000,0x00000000e8680000,0x00000000ea380000)
 ParOldGen       total 101376K, used 40160K [0x00000000a0000000, 0x00000000a6300000, 0x00000000e0000000)
  object space 101376K, 39% used [0x00000000a0000000,0x00000000a27380c0,0x00000000a6300000)
 Metaspace       used 78613K, capacity 81766K, committed 81944K, reserved 1120256K
  class space    used 10388K, capacity 11014K, committed 11032K, reserved 1048576K
}
Event: 180.574 GC heap before
{Heap before GC invocations=47 (full 5):
 PSYoungGen      total 128000K, used 101297K [0x00000000e0000000, 0x00000000ea380000, 0x0000000100000000)
  eden space 97280K, 100% used [0x00000000e0000000,0x00000000e5f00000,0x00000000e5f00000)
  from space 30720K, 13% used [0x00000000e5f00000,0x00000000e62ec5b8,0x00000000e7d00000)
  to   space 29696K, 0% used [0x00000000e8680000,0x00000000e8680000,0x00000000ea380000)
 ParOldGen       total 101376K, used 40160K [0x00000000a0000000, 0x00000000a6300000, 0x00000000e0000000)
  object space 101376K, 39% used [0x00000000a0000000,0x00000000a27380c0,0x00000000a6300000)
 Metaspace       used 81549K, capacity 84674K, committed 84888K, reserved 1122304K
  class space    used 10553K, capacity 11156K, committed 11160K, reserved 1048576K
Event: 180.606 GC heap after
Heap after GC invocations=47 (full 5):
 PSYoungGen      total 134656K, used 13220K [0x00000000e0000000, 0x00000000ea180000, 0x0000000100000000)
  eden space 107008K, 0% used [0x00000000e0000000,0x00000000e0000000,0x00000000e6880000)
  from space 27648K, 47% used [0x00000000e8680000,0x00000000e9369080,0x00000000ea180000)
  to   space 29184K, 0% used [0x00000000e6880000,0x00000000e6880000,0x00000000e8500000)
 ParOldGen       total 101376K, used 42282K [0x00000000a0000000, 0x00000000a6300000, 0x00000000e0000000)
  object space 101376K, 41% used [0x00000000a0000000,0x00000000a294ab68,0x00000000a6300000)
 Metaspace       used 81549K, capacity 84674K, committed 84888K, reserved 1122304K
  class space    used 10553K, capacity 11156K, committed 11160K, reserved 1048576K
}

